Using pre-set license
Built from '2020.3/staging' branch; Version is '2020.3.8f1 (507919d4fff5) revision 5273881'; Using compiler version '192528614'; Build Type 'Release'
OS: 'Windows 10 Home Single Language; OS build 19043.985; Version 2009; 64bit' Language: 'en' Physical Memory: 8066 MB
BatchMode: 1, IsHumanControllingUs: 0, StartBugReporterOnCrash: 0, Is64bit: 1, IsPro: 0

 COMMAND LINE ARGUMENTS:
D:\Unity\Unity Hub\edit\2020.3.8f1\Editor\Unity.exe
-adb2
-batchMode
-noUpm
-name
AssetImportWorker0
-projectPath
C:/Users/nirmi/Desktop/Color Switch Replica
-logFile
Logs/AssetImportWorker0.log
-srvPort
61514
Successfully changed project path to: C:/Users/nirmi/Desktop/Color Switch Replica
C:/Users/nirmi/Desktop/Color Switch Replica
Using Asset Import Pipeline V2.
Refreshing native plugins compatible for Editor in 26.20 ms, found 0 plugins.
Preloading 0 native plugins for Editor in 0.00 ms.
Initialize engine version: 2020.3.8f1 (507919d4fff5)
[Subsystems] Discovering subsystems at path D:/Unity/Unity Hub/edit/2020.3.8f1/Editor/Data/Resources/UnitySubsystems
[Subsystems] Discovering subsystems at path C:/Users/nirmi/Desktop/Color Switch Replica/Assets
GfxDevice: creating device client; threaded=0
Direct3D:
    Version:  Direct3D 11.0 [level 11.1]
    Renderer: NVIDIA GeForce MX150 (ID=0x1d10)
    Vendor:   
    VRAM:     4027 MB
    Driver:   27.21.14.6647
Initialize mono
Mono path[0] = 'D:/Unity/Unity Hub/edit/2020.3.8f1/Editor/Data/Managed'
Mono path[1] = 'D:/Unity/Unity Hub/edit/2020.3.8f1/Editor/Data/MonoBleedingEdge/lib/mono/unityjit'
Mono config path = 'D:/Unity/Unity Hub/edit/2020.3.8f1/Editor/Data/MonoBleedingEdge/etc'
Using monoOptions --debugger-agent=transport=dt_socket,embedding=1,server=y,suspend=n,address=127.0.0.1:56300
Begin MonoManager ReloadAssembly
Registering precompiled unity dll's ...
Register platform support module: D:/Unity/Unity Hub/edit/2020.3.8f1/Editor/Data/PlaybackEngines/WebGLSupport/UnityEditor.WebGL.Extensions.dll
Register platform support module: D:/Unity/Unity Hub/edit/2020.3.8f1/Editor/Data/PlaybackEngines/WindowsStandaloneSupport/UnityEditor.WindowsStandalone.Extensions.dll
Registered in 0.001446 seconds.
Native extension for WindowsStandalone target not found
Native extension for WebGL target not found
Refreshing native plugins compatible for Editor in 25.58 ms, found 0 plugins.
Preloading 0 native plugins for Editor in 0.00 ms.
Mono: successfully reloaded assembly
- Completed reload, in  1.023 seconds
Platform modules already initialized, skipping
Registering precompiled user dll's ...
Registered in 0.000884 seconds.
Begin MonoManager ReloadAssembly
Native extension for WindowsStandalone target not found
Native extension for WebGL target not found
Refreshing native plugins compatible for Editor in 0.23 ms, found 0 plugins.
Preloading 0 native plugins for Editor in 0.00 ms.
Mono: successfully reloaded assembly
- Completed reload, in  1.062 seconds
Platform modules already initialized, skipping
========================================================================
Worker process is ready to serve import requests
Launched and connected shader compiler UnityShaderCompiler.exe after 0.12 seconds
Refreshing native plugins compatible for Editor in 0.62 ms, found 0 plugins.
Preloading 0 native plugins for Editor in 0.00 ms.
Unloading 1119 Unused Serialized files (Serialized files now loaded: 0)
System memory in use before: 57.1 MB.
System memory in use after: 57.2 MB.

Unloading 9 unused Assets to reduce memory usage. Loaded Objects now: 1559.
Total: 3.234900 ms (FindLiveObjects: 0.232000 ms CreateObjectMapping: 0.063700 ms MarkObjects: 2.827100 ms  DeleteObjects: 0.110400 ms)

========================================================================
Received Import Request.
  path: Assets/Main.unity
  artifactKey: Guid(a49db7f0c205bc74384591bf6768a6ec) Importer(815301076,1909f56bfc062723c751e8b465ee728b)
Start importing Assets/Main.unity using Guid(a49db7f0c205bc74384591bf6768a6ec) Importer(815301076,1909f56bfc062723c751e8b465ee728b)  -> (artifact id: '3be19391e91e0d0420969184ace7e1cc') in 0.028229 seconds
  Import took 0.046588 seconds .

========================================================================
Received Import Request.
  Time since last request: 18.699988 seconds.
  path: Assets/MainSettings.lighting
  artifactKey: Guid(126e775be5462c24297092086e45c1aa) Importer(815301076,1909f56bfc062723c751e8b465ee728b)
Start importing Assets/MainSettings.lighting using Guid(126e775be5462c24297092086e45c1aa) Importer(815301076,1909f56bfc062723c751e8b465ee728b) LightingSettings: switching bake backend from 1 to 0.
 -> (artifact id: 'ea6213af6e5ef861b73593340513861f') in 0.052261 seconds
  Import took 0.069133 seconds .

AssetImportWorkerClient::OnTransportError - code=2 error=End of file
